<?xml version="1.0" encoding="utf-8"?><testsuites name="pytest tests"><testsuite name="pytest" errors="0" failures="0" skipped="0" tests="28" time="7.638" timestamp="2026-06-08T23:42:31.399005+00:00" hostname="agent-env-16271700-ea35-4487-9a39-cfb618f6f217"><testcase classname="backend.tests.backend_test.TestPublic" name="test_services_count" time="0.190" /><testcase classname="backend.tests.backend_test.TestPublic" name="test_services_filter_by_category" time="0.109" /><testcase classname="backend.tests.backend_test.TestPublic" name="test_products_count" time="0.146" /><testcase classname="backend.tests.backend_test.TestPublic" name="test_reviews_count" time="0.136" /><testcase classname="backend.tests.backend_test.TestPublic" name="test_public_stats" time="0.156" /><testcase classname="backend.tests.backend_test.TestAuth" name="test_register_new_client" time="0.333" /><testcase classname="backend.tests.backend_test.TestAuth" name="test_register_duplicate_fails" time="0.112" /><testcase classname="backend.tests.backend_test.TestAuth" name="test_login_admin" time="0.365" /><testcase classname="backend.tests.backend_test.TestAuth" name="test_login_client" time="0.335" /><testcase classname="backend.tests.backend_test.TestAuth" name="test_login_invalid" time="0.355" /><testcase classname="backend.tests.backend_test.TestAuth" name="test_me_with_bearer" time="0.473" /><testcase classname="backend.tests.backend_test.TestAuth" name="test_me_unauth" time="0.115" /><testcase classname="backend.tests.backend_test.TestAuth" name="test_change_password_and_revert" time="1.229" /><testcase classname="backend.tests.backend_test.TestInterventions" name="test_guest_intervention" time="0.118" /><testcase classname="backend.tests.backend_test.TestInterventions" name="test_client_intervention" time="0.451" /><testcase classname="backend.tests.backend_test.TestInterventions" name="test_my_interventions" time="0.104" /><testcase classname="backend.tests.backend_test.TestOrders" name="test_create_and_list_order" time="0.230" /><testcase classname="backend.tests.backend_test.TestOrders" name="test_create_order_unauth" time="0.105" /><testcase classname="backend.tests.backend_test.TestAdmin" name="test_stats" time="0.197" /><testcase classname="backend.tests.backend_test.TestAdmin" name="test_stats_rejects_non_admin" time="0.122" /><testcase classname="backend.tests.backend_test.TestAdmin" name="test_admin_listings" time="0.415" /><testcase classname="backend.tests.backend_test.TestAdmin" name="test_admin_listings_rejects_non_admin" time="0.107" /><testcase classname="backend.tests.backend_test.TestAdmin" name="test_service_crud" time="0.592" /><testcase classname="backend.tests.backend_test.TestAdmin" name="test_product_crud" time="0.334" /><testcase classname="backend.tests.backend_test.TestAdmin" name="test_update_order_status" time="0.242" /><testcase classname="backend.tests.backend_test.TestAdmin" name="test_update_intervention_status" time="0.238" /><testcase classname="backend.tests.backend_test.TestReviewsContact" name="test_create_review" time="0.122" /><testcase classname="backend.tests.backend_test.TestReviewsContact" name="test_contact" time="0.100" /></testsuite></testsuites>